<?xml version="1.0" encoding="UTF-8"?>
<!-- Generated by org.testng.reporters.JUnitXMLReporter -->
<testsuite hostname="MacBook-Pro.local" ignored="2" tests="14" failures="5" timestamp="16 May 2021 20:13:07 GMT" time="0.309" errors="0">
  <testcase name="test2" time="0.078" classname="MathoperationsTest"/>
  <testcase name="testEqual" time="0.003" classname="MathoperationsTest"/>
  <testcase name="testEqual1" time="0.001" classname="MathoperationsTest"/>
  <testcase name="testEqual2" time="0.002" classname="MathoperationsTest">
    <failure type="java.lang.AssertionError" message="expected [false] but found [true]">
      <![CDATA[java.lang.AssertionError: expected [false] but found [true]
at MathoperationsTest.testEqual2(MathoperationsTest.java:67)
... Removed 41 stack frames]]>
    </failure>
  </testcase> <!-- testEqual2 -->
  <testcase name="testMax" time="0.0" classname="MathoperationsTest"/>
  <testcase name="testMax1" time="0.002" classname="MathoperationsTest">
    <failure type="java.lang.AssertionError" message="expected [17] but found [15]">
      <![CDATA[java.lang.AssertionError: expected [17] but found [15]
at MathoperationsTest.testMax1(MathoperationsTest.java:41)
... Removed 41 stack frames]]>
    </failure>
  </testcase> <!-- testMax1 -->
  <testcase name="testMin" time="0.001" classname="MathoperationsTest"/>
  <testcase name="testMin1" time="0.001" classname="MathoperationsTest">
    <failure type="java.lang.AssertionError" message="expected [-9] but found [-98]">
      <![CDATA[java.lang.AssertionError: expected [-9] but found [-98]
at MathoperationsTest.testMin1(MathoperationsTest.java:83)
... Removed 41 stack frames]]>
    </failure>
  </testcase> <!-- testMin1 -->
  <testcase name="testSquareRoot" time="0.001" classname="MathoperationsTest"/>
  <testcase name="testSquareRoot1" time="0.001" classname="MathoperationsTest">
    <failure type="java.lang.AssertionError" message="expected [12.0] but found [11.832159566199232]">
      <![CDATA[java.lang.AssertionError: expected [12.0] but found [11.832159566199232]
at MathoperationsTest.testSquareRoot1(MathoperationsTest.java:98)
... Removed 40 stack frames]]>
    </failure>
  </testcase> <!-- testSquareRoot1 -->
  <testcase name="provider" time="0.001" classname="StringHomeTest"/>
  <testcase name="provider" time="0.001" classname="StringHomeTest"/>
  <testcase name="testFormat" time="0.002" classname="StringHomeTest"/>
  <testcase name="testFormat1" time="0.001" classname="StringHomeTest">
    <failure type="java.lang.AssertionError" message="Format is wrong, expected isDreamscometrue11 expected [Dreamscometrue11] but found [Dreamscometrue]">
      <![CDATA[java.lang.AssertionError: Format is wrong, expected isDreamscometrue11 expected [Dreamscometrue11] but found [Dreamscometrue]
at StringHomeTest.testFormat1(StringHomeTest.java:16)
... Removed 40 stack frames]]>
    </failure>
  </testcase> <!-- testFormat1 -->
  <testcase name="@AfterSuite AfterSuite" time="0.0" classname="Parent">
    <ignored/>
  </testcase> <!-- @AfterSuite AfterSuite -->
  <testcase name="@BeforeSuite BeforeSuite" time="0.0" classname="Parent">
    <ignored/>
  </testcase> <!-- @BeforeSuite BeforeSuite -->
</testsuite>
